0 info it worked if it ends with ok
1 verbose cli [ '/usr/local/bin/node', '/usr/local/bin/npm', 'install' ]
2 info using npm@3.10.10
3 info using node@v6.11.1
4 silly loadCurrentTree Starting
5 silly install loadCurrentTree
6 silly install readLocalPackageData
7 silly install normalizeTree
8 silly loadCurrentTree Finishing
9 silly loadIdealTree Starting
10 silly install loadIdealTree
11 silly cloneCurrentTree Starting
12 silly install cloneCurrentTreeToIdealTree
13 silly cloneCurrentTree Finishing
14 silly loadShrinkwrap Starting
15 silly install loadShrinkwrap
16 silly loadShrinkwrap Finishing
17 silly loadAllDepsIntoIdealTree Starting
18 silly install loadAllDepsIntoIdealTree
19 silly loadAllDepsIntoIdealTree Finishing
20 silly loadIdealTree Finishing
21 silly currentTree react-controlled-components@1.0.14
21 silly currentTree ├── @types/bluebird@3.5.8
21 silly currentTree ├── @types/chai-as-promised@0.0.31
21 silly currentTree ├── @types/chai-dom@0.0.5
21 silly currentTree ├── @types/chai@4.0.1
21 silly currentTree ├── @types/express-serve-static-core@4.0.49
21 silly currentTree ├── @types/express@4.0.36
21 silly currentTree ├── @types/karma@0.13.36
21 silly currentTree ├── @types/log4js@0.0.32
21 silly currentTree ├── @types/mime@1.3.1
21 silly currentTree ├── @types/mocha@2.2.41
21 silly currentTree ├── @types/node@8.0.12
21 silly currentTree ├── @types/react-dom@15.5.1
21 silly currentTree ├── @types/react@15.0.38
21 silly currentTree ├── @types/serve-static@1.7.31
21 silly currentTree ├── @types/sinon-chai@2.7.28
21 silly currentTree ├── @types/sinon@2.3.2
21 silly currentTree ├── accepts@1.3.3
21 silly currentTree ├─┬ acorn-dynamic-import@2.0.2
21 silly currentTree │ └── acorn@4.0.13
21 silly currentTree ├── acorn@5.1.1
21 silly currentTree ├── after@0.8.2
21 silly currentTree ├── ajv-keywords@2.1.0
21 silly currentTree ├── ajv@5.2.2
21 silly currentTree ├── align-text@0.1.4
21 silly currentTree ├── alphanum-sort@1.0.2
21 silly currentTree ├── amdefine@1.0.1
21 silly currentTree ├── ansi-html@0.0.7
21 silly currentTree ├── ansi-regex@2.1.1
21 silly currentTree ├── ansi-styles@2.2.1
21 silly currentTree ├── anymatch@1.3.0
21 silly currentTree ├── argparse@1.0.9
21 silly currentTree ├── arr-diff@2.0.0
21 silly currentTree ├── arr-flatten@1.1.0
21 silly currentTree ├── array-find-index@1.0.2
21 silly currentTree ├── array-flatten@2.1.1
21 silly currentTree ├── array-slice@0.2.3
21 silly currentTree ├── array-union@1.0.2
21 silly currentTree ├── array-uniq@1.0.3
21 silly currentTree ├── array-unique@0.2.1
21 silly currentTree ├── arraybuffer.slice@0.0.6
21 silly currentTree ├── arrify@1.0.1
21 silly currentTree ├── asap@2.0.6
21 silly currentTree ├── asn1.js@4.9.1
21 silly currentTree ├── assert@1.4.1
21 silly currentTree ├── assertion-error@1.0.2
21 silly currentTree ├── async-each@1.0.1
21 silly currentTree ├── async@0.9.2
21 silly currentTree ├── autoprefixer@6.7.7
21 silly currentTree ├── backo2@1.0.2
21 silly currentTree ├── balanced-match@1.0.0
21 silly currentTree ├── base64-arraybuffer@0.1.5
21 silly currentTree ├── base64-js@1.2.1
21 silly currentTree ├── base64id@1.0.0
21 silly currentTree ├── batch@0.6.1
21 silly currentTree ├── better-assert@1.0.2
21 silly currentTree ├── big.js@3.1.3
21 silly currentTree ├── binary-extensions@1.8.0
21 silly currentTree ├── blob@0.0.4
21 silly currentTree ├── bluebird@3.5.0
21 silly currentTree ├── bn.js@4.11.7
21 silly currentTree ├── body-parser@1.17.2
21 silly currentTree ├── bonjour@3.5.0
21 silly currentTree ├── brace-expansion@1.1.8
21 silly currentTree ├── braces@1.8.5
21 silly currentTree ├── brorand@1.1.0
21 silly currentTree ├── browser-stdout@1.3.0
21 silly currentTree ├── browserify-aes@1.0.6
21 silly currentTree ├── browserify-cipher@1.0.0
21 silly currentTree ├── browserify-des@1.0.0
21 silly currentTree ├── browserify-rsa@4.0.1
21 silly currentTree ├── browserify-sign@4.0.4
21 silly currentTree ├── browserify-zlib@0.1.4
21 silly currentTree ├── browserslist@1.7.7
21 silly currentTree ├── buffer-indexof@1.1.0
21 silly currentTree ├── buffer-xor@1.0.3
21 silly currentTree ├── buffer@4.9.1
21 silly currentTree ├── builtin-modules@1.1.1
21 silly currentTree ├── builtin-status-codes@3.0.0
21 silly currentTree ├── bytes@2.4.0
21 silly currentTree ├── callsite@1.0.0
21 silly currentTree ├─┬ camelcase-keys@2.1.0
21 silly currentTree │ └── camelcase@2.1.1
21 silly currentTree ├── camelcase@1.2.1
21 silly currentTree ├── caniuse-api@1.6.1
21 silly currentTree ├── caniuse-db@1.0.30000701
21 silly currentTree ├── center-align@0.1.3
21 silly currentTree ├── chai-as-promised-compat@7.0.3
21 silly currentTree ├── chai-dom@1.5.0
21 silly currentTree ├── chai@4.1.0
21 silly currentTree ├─┬ chalk@1.1.3
21 silly currentTree │ └── supports-color@2.0.0
21 silly currentTree ├── check-error@1.0.2
21 silly currentTree ├── chokidar@1.7.0
21 silly currentTree ├── cipher-base@1.0.4
21 silly currentTree ├── clap@1.2.0
21 silly currentTree ├─┬ cliui@2.1.0
21 silly currentTree │ └── wordwrap@0.0.2
21 silly currentTree ├── clone@1.0.2
21 silly currentTree ├── co@4.6.0
21 silly currentTree ├── coa@1.0.4
21 silly currentTree ├── code-point-at@1.1.0
21 silly currentTree ├── color-convert@1.9.0
21 silly currentTree ├── color-name@1.1.2
21 silly currentTree ├── color-string@0.3.0
21 silly currentTree ├── color@0.11.4
21 silly currentTree ├── colormin@1.1.2
21 silly currentTree ├── colors@1.1.2
21 silly currentTree ├─┬ combine-lists@1.0.1
21 silly currentTree │ └── lodash@4.17.4
21 silly currentTree ├── commander@2.9.0
21 silly currentTree ├── component-bind@1.0.0
21 silly currentTree ├── component-emitter@1.1.2
21 silly currentTree ├── component-inherit@0.0.3
21 silly currentTree ├── compressible@2.0.10
21 silly currentTree ├─┬ compression@1.7.0
21 silly currentTree │ ├── bytes@2.5.0
21 silly currentTree │ └── debug@2.6.8
21 silly currentTree ├── concat-map@0.0.1
21 silly currentTree ├── connect-history-api-fallback@1.3.0
21 silly currentTree ├── connect@3.6.2
21 silly currentTree ├── console-browserify@1.1.0
21 silly currentTree ├── constants-browserify@1.0.0
21 silly currentTree ├── content-disposition@0.5.2
21 silly currentTree ├── content-type@1.0.2
21 silly currentTree ├── cookie-signature@1.0.6
21 silly currentTree ├── cookie@0.3.1
21 silly currentTree ├── core-js@2.4.1
21 silly currentTree ├── core-util-is@1.0.2
21 silly currentTree ├── create-ecdh@4.0.0
21 silly currentTree ├── create-hash@1.1.3
21 silly currentTree ├── create-hmac@1.1.6
21 silly currentTree ├─┬ create-react-class@15.6.0
21 silly currentTree │ └── object-assign@4.1.1
21 silly currentTree ├── crypto-browserify@3.11.1
21 silly currentTree ├── css-color-names@0.0.4
21 silly currentTree ├── css-loader@0.23.1
21 silly currentTree ├── css-selector-tokenizer@0.5.4
21 silly currentTree ├── cssesc@0.1.0
21 silly currentTree ├── cssnano@3.10.0
21 silly currentTree ├── csso@2.3.2
21 silly currentTree ├── currently-unhandled@0.4.1
21 silly currentTree ├── custom-event@1.0.1
21 silly currentTree ├── d@1.0.0
21 silly currentTree ├── date-now@0.1.4
21 silly currentTree ├── debug@2.6.7
21 silly currentTree ├── decamelize@1.2.0
21 silly currentTree ├─┬ deep-eql@2.0.2
21 silly currentTree │ └── type-detect@3.0.0
21 silly currentTree ├── deep-equal@1.0.1
21 silly currentTree ├── defined@1.0.0
21 silly currentTree ├─┬ del@3.0.0
21 silly currentTree │ └── pify@3.0.0
21 silly currentTree ├── depd@1.1.0
21 silly currentTree ├── des.js@1.0.0
21 silly currentTree ├── destroy@1.0.4
21 silly currentTree ├── detect-node@2.0.3
21 silly currentTree ├── di@0.0.1
21 silly currentTree ├── diff@3.2.0
21 silly currentTree ├── diffie-hellman@5.0.2
21 silly currentTree ├── dns-equal@1.0.0
21 silly currentTree ├── dns-packet@1.1.1
21 silly currentTree ├── dns-txt@2.0.2
21 silly currentTree ├── dom-matches@2.0.0
21 silly currentTree ├── dom-serialize@2.2.1
21 silly currentTree ├── domain-browser@1.1.7
21 silly currentTree ├── ee-first@1.1.1
21 silly currentTree ├── electron-to-chromium@1.3.15
21 silly currentTree ├── elliptic@6.4.0
21 silly currentTree ├── emojis-list@2.1.0
21 silly currentTree ├── encodeurl@1.0.1
21 silly currentTree ├── encoding@0.1.12
21 silly currentTree ├─┬ engine.io-client@1.8.3
21 silly currentTree │ ├── component-emitter@1.2.1
21 silly currentTree │ ├── debug@2.3.3
21 silly currentTree │ └── ms@0.7.2
21 silly currentTree ├── engine.io-parser@1.3.2
21 silly currentTree ├─┬ engine.io@1.8.3
21 silly currentTree │ ├── debug@2.3.3
21 silly currentTree │ └── ms@0.7.2
21 silly currentTree ├── enhanced-resolve@3.3.0
21 silly currentTree ├── ent@2.2.0
21 silly currentTree ├── errno@0.1.4
21 silly currentTree ├── error-ex@1.3.1
21 silly currentTree ├── es5-ext@0.10.24
21 silly currentTree ├── es6-iterator@2.0.1
21 silly currentTree ├── es6-map@0.1.5
21 silly currentTree ├── es6-set@0.1.5
21 silly currentTree ├── es6-symbol@3.1.1
21 silly currentTree ├── es6-weak-map@2.0.2
21 silly currentTree ├── escape-html@1.0.3
21 silly currentTree ├── escape-string-regexp@1.0.5
21 silly currentTree ├── escope@3.6.0
21 silly currentTree ├── esprima@2.7.3
21 silly currentTree ├── esrecurse@4.2.0
21 silly currentTree ├── estraverse@4.2.0
21 silly currentTree ├── etag@1.8.0
21 silly currentTree ├── event-emitter@0.3.5
21 silly currentTree ├── eventemitter3@1.2.0
21 silly currentTree ├── events@1.1.1
21 silly currentTree ├── eventsource@0.1.6
21 silly currentTree ├── evp_bytestokey@1.0.0
21 silly currentTree ├─┬ expand-braces@0.1.2
21 silly currentTree │ ├── braces@0.1.5
21 silly currentTree │ ├── expand-range@0.1.1
21 silly currentTree │ ├── is-number@0.1.1
21 silly currentTree │ └── repeat-string@0.2.2
21 silly currentTree ├── expand-brackets@0.1.5
21 silly currentTree ├── expand-range@1.8.2
21 silly currentTree ├─┬ express@4.15.3
21 silly currentTree │ ├── array-flatten@1.1.1
21 silly currentTree │ └── path-to-regexp@0.1.7
21 silly currentTree ├── extend@3.0.1
21 silly currentTree ├── extglob@0.3.2
21 silly currentTree ├── fast-deep-equal@1.0.0
21 silly currentTree ├── fastparse@1.1.1
21 silly currentTree ├── faye-websocket@0.10.0
21 silly currentTree ├─┬ fbjs@0.8.12
21 silly currentTree │ └── core-js@1.2.7
21 silly currentTree ├── filename-regex@2.0.1
21 silly currentTree ├── fill-range@2.2.3
21 silly currentTree ├── finalhandler@1.0.3
21 silly currentTree ├── find-up@1.1.2
21 silly currentTree ├── flatten@1.0.2
21 silly currentTree ├── for-in@1.0.2
21 silly currentTree ├── for-own@0.1.5
21 silly currentTree ├── formatio@1.2.0
21 silly currentTree ├── forwarded@0.1.0
21 silly currentTree ├── fresh@0.5.0
21 silly currentTree ├── fs-access@1.0.1
21 silly currentTree ├── fs.realpath@1.0.0
21 silly currentTree ├─┬ fsevents@1.1.2
21 silly currentTree │ ├── abbrev@1.1.0
21 silly currentTree │ ├── ajv@4.11.8
21 silly currentTree │ ├── ansi-regex@2.1.1
21 silly currentTree │ ├── aproba@1.1.1
21 silly currentTree │ ├── are-we-there-yet@1.1.4
21 silly currentTree │ ├── asn1@0.2.3
21 silly currentTree │ ├── assert-plus@0.2.0
21 silly currentTree │ ├── asynckit@0.4.0
21 silly currentTree │ ├── aws-sign2@0.6.0
21 silly currentTree │ ├── aws4@1.6.0
21 silly currentTree │ ├── balanced-match@0.4.2
21 silly currentTree │ ├── bcrypt-pbkdf@1.0.1
21 silly currentTree │ ├── block-stream@0.0.9
21 silly currentTree │ ├── boom@2.10.1
21 silly currentTree │ ├── brace-expansion@1.1.7
21 silly currentTree │ ├── buffer-shims@1.0.0
21 silly currentTree │ ├── caseless@0.12.0
21 silly currentTree │ ├── co@4.6.0
21 silly currentTree │ ├── code-point-at@1.1.0
21 silly currentTree │ ├── combined-stream@1.0.5
21 silly currentTree │ ├── concat-map@0.0.1
21 silly currentTree │ ├── console-control-strings@1.1.0
21 silly currentTree │ ├── core-util-is@1.0.2
21 silly currentTree │ ├── cryptiles@2.0.5
21 silly currentTree │ ├─┬ dashdash@1.14.1
21 silly currentTree │ │ └── assert-plus@1.0.0
21 silly currentTree │ ├── debug@2.6.8
21 silly currentTree │ ├── deep-extend@0.4.2
21 silly currentTree │ ├── delayed-stream@1.0.0
21 silly currentTree │ ├── delegates@1.0.0
21 silly currentTree │ ├── ecc-jsbn@0.1.1
21 silly currentTree │ ├── extend@3.0.1
21 silly currentTree │ ├── extsprintf@1.0.2
21 silly currentTree │ ├── forever-agent@0.6.1
21 silly currentTree │ ├── form-data@2.1.4
21 silly currentTree │ ├── fs.realpath@1.0.0
21 silly currentTree │ ├── fstream-ignore@1.0.5
21 silly currentTree │ ├── fstream@1.0.11
21 silly currentTree │ ├── gauge@2.7.4
21 silly currentTree │ ├─┬ getpass@0.1.7
21 silly currentTree │ │ └── assert-plus@1.0.0
21 silly currentTree │ ├── glob@7.1.2
21 silly currentTree │ ├── graceful-fs@4.1.11
21 silly currentTree │ ├── har-schema@1.0.5
21 silly currentTree │ ├── har-validator@4.2.1
21 silly currentTree │ ├── has-unicode@2.0.1
21 silly currentTree │ ├── hawk@3.1.3
21 silly currentTree │ ├── hoek@2.16.3
21 silly currentTree │ ├── http-signature@1.1.1
21 silly currentTree │ ├── inflight@1.0.6
21 silly currentTree │ ├── inherits@2.0.3
21 silly currentTree │ ├── ini@1.3.4
21 silly currentTree │ ├── is-fullwidth-code-point@1.0.0
21 silly currentTree │ ├── is-typedarray@1.0.0
21 silly currentTree │ ├── isarray@1.0.0
21 silly currentTree │ ├── isstream@0.1.2
21 silly currentTree │ ├── jodid25519@1.0.2
21 silly currentTree │ ├── jsbn@0.1.1
21 silly currentTree │ ├── json-schema@0.2.3
21 silly currentTree │ ├── json-stable-stringify@1.0.1
21 silly currentTree │ ├── json-stringify-safe@5.0.1
21 silly currentTree │ ├── jsonify@0.0.0
21 silly currentTree │ ├─┬ jsprim@1.4.0
21 silly currentTree │ │ └── assert-plus@1.0.0
21 silly currentTree │ ├── mime-db@1.27.0
21 silly currentTree │ ├── mime-types@2.1.15
21 silly currentTree │ ├── minimatch@3.0.4
21 silly currentTree │ ├── minimist@0.0.8
21 silly currentTree │ ├── mkdirp@0.5.1
21 silly currentTree │ ├── ms@2.0.0
21 silly currentTree │ ├── node-pre-gyp@0.6.36
21 silly currentTree │ ├── nopt@4.0.1
21 silly currentTree │ ├── npmlog@4.1.0
21 silly currentTree │ ├── number-is-nan@1.0.1
21 silly currentTree │ ├── oauth-sign@0.8.2
21 silly currentTree │ ├── object-assign@4.1.1
21 silly currentTree │ ├── once@1.4.0
21 silly currentTree │ ├── os-homedir@1.0.2
21 silly currentTree │ ├── os-tmpdir@1.0.2
21 silly currentTree │ ├── osenv@0.1.4
21 silly currentTree │ ├── path-is-absolute@1.0.1
21 silly currentTree │ ├── performance-now@0.2.0
21 silly currentTree │ ├── process-nextick-args@1.0.7
21 silly currentTree │ ├── punycode@1.4.1
21 silly currentTree │ ├── qs@6.4.0
21 silly currentTree │ ├─┬ rc@1.2.1
21 silly currentTree │ │ └── minimist@1.2.0
21 silly currentTree │ ├── readable-stream@2.2.9
21 silly currentTree │ ├── request@2.81.0
21 silly currentTree │ ├── rimraf@2.6.1
21 silly currentTree │ ├── safe-buffer@5.0.1
21 silly currentTree │ ├── semver@5.3.0
21 silly currentTree │ ├── set-blocking@2.0.0
21 silly currentTree │ ├── signal-exit@3.0.2
21 silly currentTree │ ├── sntp@1.0.9
21 silly currentTree │ ├─┬ sshpk@1.13.0
21 silly currentTree │ │ └── assert-plus@1.0.0
21 silly currentTree │ ├── string_decoder@1.0.1
21 silly currentTree │ ├── string-width@1.0.2
21 silly currentTree │ ├── stringstream@0.0.5
21 silly currentTree │ ├── strip-ansi@3.0.1
21 silly currentTree │ ├── strip-json-comments@2.0.1
21 silly currentTree │ ├── tar-pack@3.4.0
21 silly currentTree │ ├── tar@2.2.1
21 silly currentTree │ ├── tough-cookie@2.3.2
21 silly currentTree │ ├── tunnel-agent@0.6.0
21 silly currentTree │ ├── tweetnacl@0.14.5
21 silly currentTree │ ├── uid-number@0.0.6
21 silly currentTree │ ├── util-deprecate@1.0.2
21 silly currentTree │ ├── uuid@3.0.1
21 silly currentTree │ ├── verror@1.3.6
21 silly currentTree │ ├── wide-align@1.1.2
21 silly currentTree │ └── wrappy@1.0.2
21 silly currentTree ├── function-bind@1.1.0
21 silly currentTree ├── get-caller-file@1.0.2
21 silly currentTree ├── get-func-name@2.0.0
21 silly currentTree ├── get-stdin@4.0.1
21 silly currentTree ├── glob-base@0.3.0
21 silly currentTree ├── glob-parent@2.0.0
21 silly currentTree ├── glob@7.1.2
21 silly currentTree ├── globby@6.1.0
21 silly currentTree ├── graceful-fs@4.1.11
21 silly currentTree ├── graceful-readlink@1.0.1
21 silly currentTree ├── growl@1.9.2
21 silly currentTree ├── handle-thing@1.2.5
21 silly currentTree ├── has-ansi@2.0.0
21 silly currentTree ├─┬ has-binary@0.1.7
21 silly currentTree │ └── isarray@0.0.1
21 silly currentTree ├── has-cors@1.1.0
21 silly currentTree ├── has-flag@1.0.0
21 silly currentTree ├── has@1.0.1
21 silly currentTree ├── hash-base@2.0.2
21 silly currentTree ├── hash.js@1.1.3
21 silly currentTree ├── hmac-drbg@1.0.1
21 silly currentTree ├── hosted-git-info@2.5.0
21 silly currentTree ├── hpack.js@2.1.6
21 silly currentTree ├── html-comment-regex@1.1.1
21 silly currentTree ├── html-entities@1.2.1
21 silly currentTree ├── http-deceiver@1.2.7
21 silly currentTree ├── http-errors@1.6.1
21 silly currentTree ├─┬ http-proxy-middleware@0.17.4
21 silly currentTree │ ├── is-extglob@2.1.1
21 silly currentTree │ ├── is-glob@3.1.0
21 silly currentTree │ └── lodash@4.17.4
21 silly currentTree ├── http-proxy@1.16.2
21 silly currentTree ├── https-browserify@0.0.1
21 silly currentTree ├── iconv-lite@0.4.15
21 silly currentTree ├── icss-replace-symbols@1.1.0
21 silly currentTree ├── ieee754@1.1.8
21 silly currentTree ├── indent-string@2.1.0
21 silly currentTree ├── indexes-of@1.0.1
21 silly currentTree ├── indexof@0.0.1
21 silly currentTree ├── inflight@1.0.6
21 silly currentTree ├── inherits@2.0.3
21 silly currentTree ├── internal-ip@1.2.0
21 silly currentTree ├── interpret@1.0.3
21 silly currentTree ├── invert-kv@1.0.0
21 silly currentTree ├── ip@1.1.5
21 silly currentTree ├── ipaddr.js@1.3.0
21 silly currentTree ├── is-absolute-url@2.1.0
21 silly currentTree ├── is-arrayish@0.2.1
21 silly currentTree ├── is-binary-path@1.0.1
21 silly currentTree ├── is-buffer@1.1.5
21 silly currentTree ├── is-builtin-module@1.0.0
21 silly currentTree ├── is-dotfile@1.0.3
21 silly currentTree ├── is-equal-shallow@0.1.3
21 silly currentTree ├── is-extendable@0.1.1
21 silly currentTree ├── is-extglob@1.0.0
21 silly currentTree ├── is-finite@1.0.2
21 silly currentTree ├── is-fullwidth-code-point@1.0.0
21 silly currentTree ├── is-glob@2.0.1
21 silly currentTree ├── is-number@2.1.0
21 silly currentTree ├── is-path-cwd@1.0.0
21 silly currentTree ├── is-path-in-cwd@1.0.0
21 silly currentTree ├── is-path-inside@1.0.0
21 silly currentTree ├── is-plain-obj@1.1.0
21 silly currentTree ├── is-posix-bracket@0.1.1
21 silly currentTree ├── is-primitive@2.0.0
21 silly currentTree ├── is-stream@1.1.0
21 silly currentTree ├── is-svg@2.1.0
21 silly currentTree ├── is-utf8@0.2.1
21 silly currentTree ├── isarray@1.0.0
21 silly currentTree ├── isbinaryfile@3.0.2
21 silly currentTree ├── isexe@2.0.0
21 silly currentTree ├── isobject@2.1.0
21 silly currentTree ├── isomorphic-fetch@2.2.1
21 silly currentTree ├── js-base64@2.1.9
21 silly currentTree ├── js-tokens@3.0.2
21 silly currentTree ├── js-yaml@3.7.0
21 silly currentTree ├── jsesc@0.5.0
21 silly currentTree ├── json-loader@0.5.4
21 silly currentTree ├── json-schema-traverse@0.3.1
21 silly currentTree ├── json-stable-stringify@1.0.1
21 silly currentTree ├── json3@3.3.2
21 silly currentTree ├── json5@0.5.1
21 silly currentTree ├── jsonify@0.0.0
21 silly currentTree ├── karma-chrome-launcher@2.2.0
21 silly currentTree ├─┬ karma-mocha@1.3.0
21 silly currentTree │ └── minimist@1.2.0
21 silly currentTree ├─┬ karma-webpack@2.0.4
21 silly currentTree │ └── source-map@0.1.43
21 silly currentTree ├── karma@1.7.0
21 silly currentTree ├── kind-of@3.2.2
21 silly currentTree ├── lazy-cache@1.0.4
21 silly currentTree ├── lcid@1.0.0
21 silly currentTree ├─┬ load-json-file@1.1.0
21 silly currentTree │ └── strip-bom@2.0.0
21 silly currentTree ├── loader-runner@2.3.0
21 silly currentTree ├── loader-utils@0.2.17
21 silly currentTree ├── lodash._baseassign@3.2.0
21 silly currentTree ├── lodash._basecopy@3.0.1
21 silly currentTree ├── lodash._basecreate@3.0.3
21 silly currentTree ├── lodash._createcompounder@3.0.0
21 silly currentTree ├── lodash._getnative@3.9.1
21 silly currentTree ├── lodash._isiterateecall@3.0.9
21 silly currentTree ├── lodash._root@3.0.1
21 silly currentTree ├── lodash.camelcase@3.0.1
21 silly currentTree ├── lodash.create@3.1.1
21 silly currentTree ├── lodash.deburr@3.2.0
21 silly currentTree ├── lodash.isarguments@3.1.0
21 silly currentTree ├── lodash.isarray@3.0.4
21 silly currentTree ├── lodash.keys@3.1.2
21 silly currentTree ├── lodash.memoize@4.1.2
21 silly currentTree ├── lodash.uniq@4.5.0
21 silly currentTree ├── lodash.words@3.2.0
21 silly currentTree ├── lodash@3.10.1
21 silly currentTree ├─┬ log4js@0.6.38
21 silly currentTree │ ├── isarray@0.0.1
21 silly currentTree │ ├── readable-stream@1.0.34
21 silly currentTree │ └── string_decoder@0.10.31
21 silly currentTree ├── lolex@1.6.0
21 silly currentTree ├── longest@1.0.1
21 silly currentTree ├── loose-envify@1.3.1
21 silly currentTree ├── loud-rejection@1.6.0
21 silly currentTree ├── lru-cache@2.2.4
21 silly currentTree ├── macaddress@0.2.8
21 silly currentTree ├── make-error@1.3.0
21 silly currentTree ├── map-obj@1.0.1
21 silly currentTree ├── math-expression-evaluator@1.2.17
21 silly currentTree ├── media-typer@0.3.0
21 silly currentTree ├── memory-fs@0.4.1
21 silly currentTree ├─┬ meow@3.7.0
21 silly currentTree │ └── minimist@1.2.0
21 silly currentTree ├── merge-descriptors@1.0.1
21 silly currentTree ├── methods@1.1.2
21 silly currentTree ├── micromatch@2.3.11
21 silly currentTree ├── miller-rabin@4.0.0
21 silly currentTree ├── mime-db@1.27.0
21 silly currentTree ├── mime-types@2.1.15
21 silly currentTree ├── mime@1.3.6
21 silly currentTree ├── minimalistic-assert@1.0.0
21 silly currentTree ├── minimalistic-crypto-utils@1.0.1
21 silly currentTree ├── minimatch@3.0.4
21 silly currentTree ├── minimist@0.0.10
21 silly currentTree ├─┬ mkdirp@0.5.1
21 silly currentTree │ └── minimist@0.0.8
21 silly currentTree ├─┬ mocha-loader@1.1.1
21 silly currentTree │ └── loader-utils@1.1.0
21 silly currentTree ├─┬ mocha@3.4.2
21 silly currentTree │ ├── debug@2.6.0
21 silly currentTree │ ├── glob@7.1.1
21 silly currentTree │ └── ms@0.7.2
21 silly currentTree ├── ms@2.0.0
21 silly currentTree ├── multicast-dns-service-types@1.1.0
21 silly currentTree ├── multicast-dns@6.1.1
21 silly currentTree ├── nan@2.6.2
21 silly currentTree ├── native-promise-only@0.8.1
21 silly currentTree ├── ncp@2.0.0
21 silly currentTree ├── negotiator@0.6.1
21 silly currentTree ├── node-fetch@1.7.1
21 silly currentTree ├── node-forge@0.6.33
21 silly currentTree ├─┬ node-libs-browser@2.0.0
21 silly currentTree │ └── string_decoder@0.10.31
21 silly currentTree ├── normalize-package-data@2.4.0
21 silly currentTree ├── normalize-path@2.1.1
21 silly currentTree ├── normalize-range@0.1.2
21 silly currentTree ├── normalize-url@1.9.1
21 silly currentTree ├── null-check@1.0.0
21 silly currentTree ├── num2fraction@1.2.2
21 silly currentTree ├── number-is-nan@1.0.1
21 silly currentTree ├── object-assign@4.1.0
21 silly currentTree ├── object-component@0.0.3
21 silly currentTree ├── object.omit@2.0.1
21 silly currentTree ├── obuf@1.1.1
21 silly currentTree ├── on-finished@2.3.0
21 silly currentTree ├── on-headers@1.0.1
21 silly currentTree ├── once@1.4.0
21 silly currentTree ├── opn@4.0.2
21 silly currentTree ├── optimist@0.6.1
21 silly currentTree ├── options@0.0.6
21 silly currentTree ├─┬ original@1.0.0
21 silly currentTree │ └── url-parse@1.0.5
21 silly currentTree ├── os-browserify@0.2.1
21 silly currentTree ├── os-locale@1.4.0
21 silly currentTree ├── os-tmpdir@1.0.2
21 silly currentTree ├── p-map@1.1.1
21 silly currentTree ├── pako@0.2.9
21 silly currentTree ├── parse-asn1@5.1.0
21 silly currentTree ├── parse-glob@3.0.4
21 silly currentTree ├── parse-json@2.2.0
21 silly currentTree ├── parsejson@0.0.3
21 silly currentTree ├── parseqs@0.0.5
21 silly currentTree ├── parseuri@0.0.5
21 silly currentTree ├── parseurl@1.3.1
21 silly currentTree ├── path-browserify@0.0.0
21 silly currentTree ├── path-exists@2.1.0
21 silly currentTree ├── path-is-absolute@1.0.1
21 silly currentTree ├── path-is-inside@1.0.2
21 silly currentTree ├─┬ path-to-regexp@1.7.0
21 silly currentTree │ └── isarray@0.0.1
21 silly currentTree ├── path-type@1.1.0
21 silly currentTree ├── pathval@1.1.0
21 silly currentTree ├── pbkdf2@3.0.12
21 silly currentTree ├── pify@2.3.0
21 silly currentTree ├── pinkie-promise@2.0.1
21 silly currentTree ├── pinkie@2.0.4
21 silly currentTree ├─┬ portfinder@1.0.13
21 silly currentTree │ └── async@1.5.2
21 silly currentTree ├── postcss-calc@5.3.1
21 silly currentTree ├── postcss-colormin@2.2.2
21 silly currentTree ├── postcss-convert-values@2.6.1
21 silly currentTree ├── postcss-discard-comments@2.0.4
21 silly currentTree ├── postcss-discard-duplicates@2.1.0
21 silly currentTree ├── postcss-discard-empty@2.1.0
21 silly currentTree ├── postcss-discard-overridden@0.1.1
21 silly currentTree ├── postcss-discard-unused@2.2.3
21 silly currentTree ├── postcss-filter-plugins@2.0.2
21 silly currentTree ├── postcss-merge-idents@2.1.7
21 silly currentTree ├── postcss-merge-longhand@2.0.2
21 silly currentTree ├── postcss-merge-rules@2.1.2
21 silly currentTree ├── postcss-message-helpers@2.0.0
21 silly currentTree ├── postcss-minify-font-values@1.0.5
21 silly currentTree ├── postcss-minify-gradients@1.0.5
21 silly currentTree ├── postcss-minify-params@1.2.2
21 silly currentTree ├── postcss-minify-selectors@2.1.1
21 silly currentTree ├─┬ postcss-modules-extract-imports@1.1.0
21 silly currentTree │ ├── ansi-styles@3.1.0
21 silly currentTree │ ├── chalk@2.0.1
21 silly currentTree │ ├── has-flag@2.0.0
21 silly currentTree │ ├── postcss@6.0.6
21 silly currentTree │ └── supports-color@4.2.0
21 silly currentTree ├─┬ postcss-modules-local-by-default@1.2.0
21 silly currentTree │ ├── ansi-styles@3.1.0
21 silly currentTree │ ├── chalk@2.0.1
21 silly currentTree │ ├── css-selector-tokenizer@0.7.0
21 silly currentTree │ ├── has-flag@2.0.0
21 silly currentTree │ ├── postcss@6.0.6
21 silly currentTree │ └── supports-color@4.2.0
21 silly currentTree ├─┬ postcss-modules-scope@1.1.0
21 silly currentTree │ ├── ansi-styles@3.1.0
21 silly currentTree │ ├── chalk@2.0.1
21 silly currentTree │ ├── css-selector-tokenizer@0.7.0
21 silly currentTree │ ├── has-flag@2.0.0
21 silly currentTree │ ├── postcss@6.0.6
21 silly currentTree │ └── supports-color@4.2.0
21 silly currentTree ├─┬ postcss-modules-values@1.3.0
21 silly currentTree │ ├── ansi-styles@3.1.0
21 silly currentTree │ ├── chalk@2.0.1
21 silly currentTree │ ├── has-flag@2.0.0
21 silly currentTree │ ├── postcss@6.0.6
21 silly currentTree │ └── supports-color@4.2.0
21 silly currentTree ├── postcss-normalize-charset@1.1.1
21 silly currentTree ├── postcss-normalize-url@3.0.8
21 silly currentTree ├── postcss-ordered-values@2.2.3
21 silly currentTree ├── postcss-reduce-idents@2.4.0
21 silly currentTree ├── postcss-reduce-initial@1.0.1
21 silly currentTree ├── postcss-reduce-transforms@1.0.4
21 silly currentTree ├── postcss-selector-parser@2.2.3
21 silly currentTree ├── postcss-svgo@2.1.6
21 silly currentTree ├── postcss-unique-selectors@2.0.2
21 silly currentTree ├── postcss-value-parser@3.3.0
21 silly currentTree ├── postcss-zindex@2.2.0
21 silly currentTree ├─┬ postcss@5.2.17
21 silly currentTree │ └── supports-color@3.2.3
21 silly currentTree ├── prepend-http@1.0.4
21 silly currentTree ├── preserve@0.2.0
21 silly currentTree ├── process-nextick-args@1.0.7
21 silly currentTree ├── process@0.11.10
21 silly currentTree ├── promise@7.3.1
21 silly currentTree ├── prop-types@15.5.10
21 silly currentTree ├── proxy-addr@1.1.4
21 silly currentTree ├── prr@0.0.0
21 silly currentTree ├── public-encrypt@4.0.0
21 silly currentTree ├── punycode@1.4.1
21 silly currentTree ├── q@1.5.0
21 silly currentTree ├── qjobs@1.1.5
21 silly currentTree ├── qs@6.4.0
21 silly currentTree ├── query-string@4.3.4
21 silly currentTree ├── querystring-es3@0.2.1
21 silly currentTree ├── querystring@0.2.0
21 silly currentTree ├── querystringify@0.0.4
21 silly currentTree ├─┬ randomatic@1.1.7
21 silly currentTree │ ├─┬ is-number@3.0.0
21 silly currentTree │ │ └── kind-of@3.2.2
21 silly currentTree │ └── kind-of@4.0.0
21 silly currentTree ├── randombytes@2.0.5
21 silly currentTree ├── range-parser@1.2.0
21 silly currentTree ├── raw-body@2.2.0
21 silly currentTree ├── raw-loader@0.5.1
21 silly currentTree ├── react-dom@15.6.1
21 silly currentTree ├── react@15.6.1
21 silly currentTree ├── read-pkg-up@1.0.1
21 silly currentTree ├── read-pkg@1.1.0
21 silly currentTree ├── readable-stream@2.3.3
21 silly currentTree ├── readdirp@2.1.0
21 silly currentTree ├── redent@1.0.0
21 silly currentTree ├─┬ reduce-css-calc@1.3.0
21 silly currentTree │ └── balanced-match@0.4.2
21 silly currentTree ├─┬ reduce-function-call@1.0.2
21 silly currentTree │ └── balanced-match@0.4.2
21 silly currentTree ├── regenerate@1.3.2
21 silly currentTree ├── regex-cache@0.4.3
21 silly currentTree ├── regexpu-core@1.0.0
21 silly currentTree ├── regjsgen@0.2.0
21 silly currentTree ├── regjsparser@0.1.5
21 silly currentTree ├── remove-trailing-separator@1.0.2
21 silly currentTree ├── repeat-element@1.1.2
21 silly currentTree ├── repeat-string@1.6.1
21 silly currentTree ├── repeating@2.0.1
21 silly currentTree ├── require-directory@2.1.1
21 silly currentTree ├── require-main-filename@1.0.1
21 silly currentTree ├── requires-port@1.0.0
21 silly currentTree ├── right-align@0.1.3
21 silly currentTree ├── rimraf@2.6.1
21 silly currentTree ├── ripemd160@2.0.1
21 silly currentTree ├── safe-buffer@5.1.1
21 silly currentTree ├── samsam@1.2.1
21 silly currentTree ├── sax@1.2.4
21 silly currentTree ├── script-loader@0.7.0
21 silly currentTree ├── select-hose@2.0.0
21 silly currentTree ├── selfsigned@1.9.1
21 silly currentTree ├── semver@4.3.6
21 silly currentTree ├─┬ send@0.15.3
21 silly currentTree │ └── mime@1.3.4
21 silly currentTree ├─┬ serve-index@1.9.0
21 silly currentTree │ └── debug@2.6.8
21 silly currentTree ├── serve-static@1.12.3
21 silly currentTree ├── set-blocking@2.0.0
21 silly currentTree ├── set-immediate-shim@1.0.1
21 silly currentTree ├── setimmediate@1.0.5
21 silly currentTree ├── setprototypeof@1.0.3
21 silly currentTree ├── sha.js@2.4.8
21 silly currentTree ├── signal-exit@3.0.2
21 silly currentTree ├── sinon-chai@2.11.0
21 silly currentTree ├── sinon@2.3.8
21 silly currentTree ├─┬ socket.io-adapter@0.5.0
21 silly currentTree │ ├── debug@2.3.3
21 silly currentTree │ └── ms@0.7.2
21 silly currentTree ├─┬ socket.io-client@1.7.3
21 silly currentTree │ ├── component-emitter@1.2.1
21 silly currentTree │ ├── debug@2.3.3
21 silly currentTree │ └── ms@0.7.2
21 silly currentTree ├─┬ socket.io-parser@2.3.1
21 silly currentTree │ ├── debug@2.2.0
21 silly currentTree │ ├── isarray@0.0.1
21 silly currentTree │ └── ms@0.7.1
21 silly currentTree ├─┬ socket.io@1.7.3
21 silly currentTree │ ├── debug@2.3.3
21 silly currentTree │ └── ms@0.7.2
21 silly currentTree ├─┬ sockjs-client@1.1.2
21 silly currentTree │ └── faye-websocket@0.11.1
21 silly currentTree ├── sockjs@0.3.18
21 silly currentTree ├── sort-keys@1.1.2
21 silly currentTree ├── source-list-map@0.1.8
21 silly currentTree ├── source-map-support@0.4.15
21 silly currentTree ├── source-map@0.5.6
21 silly currentTree ├── spdx-correct@1.0.2
21 silly currentTree ├── spdx-expression-parse@1.0.4
21 silly currentTree ├── spdx-license-ids@1.2.2
21 silly currentTree ├─┬ spdy-transport@2.0.20
21 silly currentTree │ └── debug@2.6.8
21 silly currentTree ├─┬ spdy@3.4.7
21 silly currentTree │ └── debug@2.6.8
21 silly currentTree ├── sprintf-js@1.0.3
21 silly currentTree ├── statuses@1.3.1
21 silly currentTree ├── stream-browserify@2.0.1
21 silly currentTree ├── stream-http@2.7.2
21 silly currentTree ├── strict-uri-encode@1.1.0
21 silly currentTree ├── string_decoder@1.0.3
21 silly currentTree ├── string-width@1.0.2
21 silly currentTree ├── strip-ansi@3.0.1
21 silly currentTree ├── strip-bom@3.0.0
21 silly currentTree ├── strip-indent@1.0.1
21 silly currentTree ├── strip-json-comments@2.0.1
21 silly currentTree ├─┬ style-loader@0.13.2
21 silly currentTree │ └── loader-utils@1.1.0
21 silly currentTree ├── supports-color@3.1.2
21 silly currentTree ├── svgo@0.7.2
21 silly currentTree ├── tapable@0.2.6
21 silly currentTree ├── test-drive-react@0.5.0
21 silly currentTree ├── test-drive@0.5.2
21 silly currentTree ├── text-encoding@0.6.4
21 silly currentTree ├── thunky@0.1.0
21 silly currentTree ├── timers-browserify@2.0.2
21 silly currentTree ├── tmp@0.0.31
21 silly currentTree ├── to-array@0.1.4
21 silly currentTree ├── to-arraybuffer@1.0.1
21 silly currentTree ├── trim-newlines@1.0.0
21 silly currentTree ├─┬ ts-loader@2.2.2
21 silly currentTree │ ├── loader-utils@1.1.0
21 silly currentTree │ └── semver@5.3.0
21 silly currentTree ├─┬ ts-node@3.2.0
21 silly currentTree │ ├── ansi-styles@3.1.0
21 silly currentTree │ ├── chalk@2.0.1
21 silly currentTree │ ├── has-flag@2.0.0
21 silly currentTree │ ├── minimist@1.2.0
21 silly currentTree │ └── supports-color@4.2.0
21 silly currentTree ├── tsconfig@6.0.0
21 silly currentTree ├── tty-browserify@0.0.0
21 silly currentTree ├── type-detect@4.0.3
21 silly currentTree ├── type-is@1.6.15
21 silly currentTree ├── typescript@2.4.1
21 silly currentTree ├── ua-parser-js@0.7.13
21 silly currentTree ├─┬ uglify-js@2.8.29
21 silly currentTree │ └── yargs@3.10.0
21 silly currentTree ├── uglify-to-browserify@1.0.2
21 silly currentTree ├── uglifyjs-webpack-plugin@0.4.6
21 silly currentTree ├── ultron@1.0.2
21 silly currentTree ├── uniq@1.0.1
21 silly currentTree ├── uniqid@4.1.1
21 silly currentTree ├── uniqs@2.0.0
21 silly currentTree ├── unpipe@1.0.0
21 silly currentTree ├─┬ url-parse@1.1.9
21 silly currentTree │ └── querystringify@1.0.0
21 silly currentTree ├─┬ url@0.11.0
21 silly currentTree │ └── punycode@1.3.2
21 silly currentTree ├── user-home@1.1.1
21 silly currentTree ├── useragent@2.2.1
21 silly currentTree ├── util-deprecate@1.0.2
21 silly currentTree ├─┬ util@0.10.3
21 silly currentTree │ └── inherits@2.0.1
21 silly currentTree ├── utils-merge@1.0.0
21 silly currentTree ├── uuid@2.0.3
21 silly currentTree ├── v8flags@2.1.1
21 silly currentTree ├── validate-npm-package-license@3.0.1
21 silly currentTree ├── vary@1.1.1
21 silly currentTree ├── vendors@1.0.1
21 silly currentTree ├── vm-browserify@0.0.4
21 silly currentTree ├── void-elements@2.0.1
21 silly currentTree ├─┬ watchpack@1.3.1
21 silly currentTree │ ├── async@2.5.0
21 silly currentTree │ └── lodash@4.17.4
21 silly currentTree ├── wbuf@1.7.2
21 silly currentTree ├── webpack-dev-middleware@1.11.0
21 silly currentTree ├── webpack-dev-server@2.5.1
21 silly currentTree ├─┬ webpack-sources@1.0.1
21 silly currentTree │ └── source-list-map@2.0.0
21 silly currentTree ├─┬ webpack@3.2.0
21 silly currentTree │ ├── async@2.5.0
21 silly currentTree │ ├── loader-utils@1.1.0
21 silly currentTree │ └── lodash@4.17.4
21 silly currentTree ├── websocket-driver@0.6.5
21 silly currentTree ├── websocket-extensions@0.1.1
21 silly currentTree ├── whatwg-fetch@2.0.3
21 silly currentTree ├── whet.extend@0.9.9
21 silly currentTree ├── which-module@1.0.0
21 silly currentTree ├── which@1.2.14
21 silly currentTree ├── window-size@0.1.0
21 silly currentTree ├── wordwrap@0.0.3
21 silly currentTree ├── wrap-ansi@2.1.0
21 silly currentTree ├── wrappy@1.0.2
21 silly currentTree ├── ws@1.1.2
21 silly currentTree ├── wtf-8@1.0.0
21 silly currentTree ├── xmlhttprequest-ssl@1.5.3
21 silly currentTree ├── xtend@4.0.1
21 silly currentTree ├── y18n@3.2.1
21 silly currentTree ├─┬ yargs-parser@4.2.1
21 silly currentTree │ └── camelcase@3.0.0
21 silly currentTree ├─┬ yargs@6.6.0
21 silly currentTree │ ├── camelcase@3.0.0
21 silly currentTree │ └── cliui@3.2.0
21 silly currentTree ├── yeast@0.1.2
21 silly currentTree └── yn@2.0.0
22 silly idealTree react-controlled-components@1.0.14
22 silly idealTree ├── @types/bluebird@3.5.8
22 silly idealTree ├── @types/chai-as-promised@0.0.31
22 silly idealTree ├── @types/chai-dom@0.0.5
22 silly idealTree ├── @types/chai@4.0.1
22 silly idealTree ├── @types/express-serve-static-core@4.0.49
22 silly idealTree ├── @types/express@4.0.36
22 silly idealTree ├── @types/karma@0.13.36
22 silly idealTree ├── @types/log4js@0.0.32
22 silly idealTree ├── @types/mime@1.3.1
22 silly idealTree ├── @types/mocha@2.2.41
22 silly idealTree ├── @types/node@8.0.12
22 silly idealTree ├── @types/react-dom@15.5.1
22 silly idealTree ├── @types/react@15.0.38
22 silly idealTree ├── @types/serve-static@1.7.31
22 silly idealTree ├── @types/sinon-chai@2.7.28
22 silly idealTree ├── @types/sinon@2.3.2
22 silly idealTree ├── accepts@1.3.3
22 silly idealTree ├─┬ acorn-dynamic-import@2.0.2
22 silly idealTree │ └── acorn@4.0.13
22 silly idealTree ├── acorn@5.1.1
22 silly idealTree ├── after@0.8.2
22 silly idealTree ├── ajv-keywords@2.1.0
22 silly idealTree ├── ajv@5.2.2
22 silly idealTree ├── align-text@0.1.4
22 silly idealTree ├── alphanum-sort@1.0.2
22 silly idealTree ├── amdefine@1.0.1
22 silly idealTree ├── ansi-html@0.0.7
22 silly idealTree ├── ansi-regex@2.1.1
22 silly idealTree ├── ansi-styles@2.2.1
22 silly idealTree ├── anymatch@1.3.0
22 silly idealTree ├── argparse@1.0.9
22 silly idealTree ├── arr-diff@2.0.0
22 silly idealTree ├── arr-flatten@1.1.0
22 silly idealTree ├── array-find-index@1.0.2
22 silly idealTree ├── array-flatten@2.1.1
22 silly idealTree ├── array-slice@0.2.3
22 silly idealTree ├── array-union@1.0.2
22 silly idealTree ├── array-uniq@1.0.3
22 silly idealTree ├── array-unique@0.2.1
22 silly idealTree ├── arraybuffer.slice@0.0.6
22 silly idealTree ├── arrify@1.0.1
22 silly idealTree ├── asap@2.0.6
22 silly idealTree ├── asn1.js@4.9.1
22 silly idealTree ├── assert@1.4.1
22 silly idealTree ├── assertion-error@1.0.2
22 silly idealTree ├── async-each@1.0.1
22 silly idealTree ├── async@0.9.2
22 silly idealTree ├── autoprefixer@6.7.7
22 silly idealTree ├── backo2@1.0.2
22 silly idealTree ├── balanced-match@1.0.0
22 silly idealTree ├── base64-arraybuffer@0.1.5
22 silly idealTree ├── base64-js@1.2.1
22 silly idealTree ├── base64id@1.0.0
22 silly idealTree ├── batch@0.6.1
22 silly idealTree ├── better-assert@1.0.2
22 silly idealTree ├── big.js@3.1.3
22 silly idealTree ├── binary-extensions@1.8.0
22 silly idealTree ├── blob@0.0.4
22 silly idealTree ├── bluebird@3.5.0
22 silly idealTree ├── bn.js@4.11.7
22 silly idealTree ├── body-parser@1.17.2
22 silly idealTree ├── bonjour@3.5.0
22 silly idealTree ├── brace-expansion@1.1.8
22 silly idealTree ├── braces@1.8.5
22 silly idealTree ├── brorand@1.1.0
22 silly idealTree ├── browser-stdout@1.3.0
22 silly idealTree ├── browserify-aes@1.0.6
22 silly idealTree ├── browserify-cipher@1.0.0
22 silly idealTree ├── browserify-des@1.0.0
22 silly idealTree ├── browserify-rsa@4.0.1
22 silly idealTree ├── browserify-sign@4.0.4
22 silly idealTree ├── browserify-zlib@0.1.4
22 silly idealTree ├── browserslist@1.7.7
22 silly idealTree ├── buffer-indexof@1.1.0
22 silly idealTree ├── buffer-xor@1.0.3
22 silly idealTree ├── buffer@4.9.1
22 silly idealTree ├── builtin-modules@1.1.1
22 silly idealTree ├── builtin-status-codes@3.0.0
22 silly idealTree ├── bytes@2.4.0
22 silly idealTree ├── callsite@1.0.0
22 silly idealTree ├─┬ camelcase-keys@2.1.0
22 silly idealTree │ └── camelcase@2.1.1
22 silly idealTree ├── camelcase@1.2.1
22 silly idealTree ├── caniuse-api@1.6.1
22 silly idealTree ├── caniuse-db@1.0.30000701
22 silly idealTree ├── center-align@0.1.3
22 silly idealTree ├── chai-as-promised-compat@7.0.3
22 silly idealTree ├── chai-dom@1.5.0
22 silly idealTree ├── chai@4.1.0
22 silly idealTree ├─┬ chalk@1.1.3
22 silly idealTree │ └── supports-color@2.0.0
22 silly idealTree ├── check-error@1.0.2
22 silly idealTree ├── chokidar@1.7.0
22 silly idealTree ├── cipher-base@1.0.4
22 silly idealTree ├── clap@1.2.0
22 silly idealTree ├─┬ cliui@2.1.0
22 silly idealTree │ └── wordwrap@0.0.2
22 silly idealTree ├── clone@1.0.2
22 silly idealTree ├── co@4.6.0
22 silly idealTree ├── coa@1.0.4
22 silly idealTree ├── code-point-at@1.1.0
22 silly idealTree ├── color-convert@1.9.0
22 silly idealTree ├── color-name@1.1.2
22 silly idealTree ├── color-string@0.3.0
22 silly idealTree ├── color@0.11.4
22 silly idealTree ├── colormin@1.1.2
22 silly idealTree ├── colors@1.1.2
22 silly idealTree ├─┬ combine-lists@1.0.1
22 silly idealTree │ └── lodash@4.17.4
22 silly idealTree ├── commander@2.9.0
22 silly idealTree ├── component-bind@1.0.0
22 silly idealTree ├── component-emitter@1.1.2
22 silly idealTree ├── component-inherit@0.0.3
22 silly idealTree ├── compressible@2.0.10
22 silly idealTree ├─┬ compression@1.7.0
22 silly idealTree │ ├── bytes@2.5.0
22 silly idealTree │ └── debug@2.6.8
22 silly idealTree ├── concat-map@0.0.1
22 silly idealTree ├── connect-history-api-fallback@1.3.0
22 silly idealTree ├── connect@3.6.2
22 silly idealTree ├── console-browserify@1.1.0
22 silly idealTree ├── constants-browserify@1.0.0
22 silly idealTree ├── content-disposition@0.5.2
22 silly idealTree ├── content-type@1.0.2
22 silly idealTree ├── cookie-signature@1.0.6
22 silly idealTree ├── cookie@0.3.1
22 silly idealTree ├── core-js@2.4.1
22 silly idealTree ├── core-util-is@1.0.2
22 silly idealTree ├── create-ecdh@4.0.0
22 silly idealTree ├── create-hash@1.1.3
22 silly idealTree ├── create-hmac@1.1.6
22 silly idealTree ├─┬ create-react-class@15.6.0
22 silly idealTree │ └── object-assign@4.1.1
22 silly idealTree ├── crypto-browserify@3.11.1
22 silly idealTree ├── css-color-names@0.0.4
22 silly idealTree ├── css-loader@0.23.1
22 silly idealTree ├── css-selector-tokenizer@0.5.4
22 silly idealTree ├── cssesc@0.1.0
22 silly idealTree ├── cssnano@3.10.0
22 silly idealTree ├── csso@2.3.2
22 silly idealTree ├── currently-unhandled@0.4.1
22 silly idealTree ├── custom-event@1.0.1
22 silly idealTree ├── d@1.0.0
22 silly idealTree ├── date-now@0.1.4
22 silly idealTree ├── debug@2.6.7
22 silly idealTree ├── decamelize@1.2.0
22 silly idealTree ├─┬ deep-eql@2.0.2
22 silly idealTree │ └── type-detect@3.0.0
22 silly idealTree ├── deep-equal@1.0.1
22 silly idealTree ├── defined@1.0.0
22 silly idealTree ├─┬ del@3.0.0
22 silly idealTree │ └── pify@3.0.0
22 silly idealTree ├── depd@1.1.0
22 silly idealTree ├── des.js@1.0.0
22 silly idealTree ├── destroy@1.0.4
22 silly idealTree ├── detect-node@2.0.3
22 silly idealTree ├── di@0.0.1
22 silly idealTree ├── diff@3.2.0
22 silly idealTree ├── diffie-hellman@5.0.2
22 silly idealTree ├── dns-equal@1.0.0
22 silly idealTree ├── dns-packet@1.1.1
22 silly idealTree ├── dns-txt@2.0.2
22 silly idealTree ├── dom-matches@2.0.0
22 silly idealTree ├── dom-serialize@2.2.1
22 silly idealTree ├── domain-browser@1.1.7
22 silly idealTree ├── ee-first@1.1.1
22 silly idealTree ├── electron-to-chromium@1.3.15
22 silly idealTree ├── elliptic@6.4.0
22 silly idealTree ├── emojis-list@2.1.0
22 silly idealTree ├── encodeurl@1.0.1
22 silly idealTree ├── encoding@0.1.12
22 silly idealTree ├─┬ engine.io-client@1.8.3
22 silly idealTree │ ├── component-emitter@1.2.1
22 silly idealTree │ ├── debug@2.3.3
22 silly idealTree │ └── ms@0.7.2
22 silly idealTree ├── engine.io-parser@1.3.2
22 silly idealTree ├─┬ engine.io@1.8.3
22 silly idealTree │ ├── debug@2.3.3
22 silly idealTree │ └── ms@0.7.2
22 silly idealTree ├── enhanced-resolve@3.3.0
22 silly idealTree ├── ent@2.2.0
22 silly idealTree ├── errno@0.1.4
22 silly idealTree ├── error-ex@1.3.1
22 silly idealTree ├── es5-ext@0.10.24
22 silly idealTree ├── es6-iterator@2.0.1
22 silly idealTree ├── es6-map@0.1.5
22 silly idealTree ├── es6-set@0.1.5
22 silly idealTree ├── es6-symbol@3.1.1
22 silly idealTree ├── es6-weak-map@2.0.2
22 silly idealTree ├── escape-html@1.0.3
22 silly idealTree ├── escape-string-regexp@1.0.5
22 silly idealTree ├── escope@3.6.0
22 silly idealTree ├── esprima@2.7.3
22 silly idealTree ├── esrecurse@4.2.0
22 silly idealTree ├── estraverse@4.2.0
22 silly idealTree ├── etag@1.8.0
22 silly idealTree ├── event-emitter@0.3.5
22 silly idealTree ├── eventemitter3@1.2.0
22 silly idealTree ├── events@1.1.1
22 silly idealTree ├── eventsource@0.1.6
22 silly idealTree ├── evp_bytestokey@1.0.0
22 silly idealTree ├─┬ expand-braces@0.1.2
22 silly idealTree │ ├── braces@0.1.5
22 silly idealTree │ ├── expand-range@0.1.1
22 silly idealTree │ ├── is-number@0.1.1
22 silly idealTree │ └── repeat-string@0.2.2
22 silly idealTree ├── expand-brackets@0.1.5
22 silly idealTree ├── expand-range@1.8.2
22 silly idealTree ├─┬ express@4.15.3
22 silly idealTree │ ├── array-flatten@1.1.1
22 silly idealTree │ └── path-to-regexp@0.1.7
22 silly idealTree ├── extend@3.0.1
22 silly idealTree ├── extglob@0.3.2
22 silly idealTree ├── fast-deep-equal@1.0.0
22 silly idealTree ├── fastparse@1.1.1
22 silly idealTree ├── faye-websocket@0.10.0
22 silly idealTree ├─┬ fbjs@0.8.12
22 silly idealTree │ └── core-js@1.2.7
22 silly idealTree ├── filename-regex@2.0.1
22 silly idealTree ├── fill-range@2.2.3
22 silly idealTree ├── finalhandler@1.0.3
22 silly idealTree ├── find-up@1.1.2
22 silly idealTree ├── flatten@1.0.2
22 silly idealTree ├── for-in@1.0.2
22 silly idealTree ├── for-own@0.1.5
22 silly idealTree ├── formatio@1.2.0
22 silly idealTree ├── forwarded@0.1.0
22 silly idealTree ├── fresh@0.5.0
22 silly idealTree ├── fs-access@1.0.1
22 silly idealTree ├── fs.realpath@1.0.0
22 silly idealTree ├─┬ fsevents@1.1.2
22 silly idealTree │ ├── abbrev@1.1.0
22 silly idealTree │ ├── ajv@4.11.8
22 silly idealTree │ ├── ansi-regex@2.1.1
22 silly idealTree │ ├── aproba@1.1.1
22 silly idealTree │ ├── are-we-there-yet@1.1.4
22 silly idealTree │ ├── asn1@0.2.3
22 silly idealTree │ ├── assert-plus@0.2.0
22 silly idealTree │ ├── asynckit@0.4.0
22 silly idealTree │ ├── aws-sign2@0.6.0
22 silly idealTree │ ├── aws4@1.6.0
22 silly idealTree │ ├── balanced-match@0.4.2
22 silly idealTree │ ├── bcrypt-pbkdf@1.0.1
22 silly idealTree │ ├── block-stream@0.0.9
22 silly idealTree │ ├── boom@2.10.1
22 silly idealTree │ ├── brace-expansion@1.1.7
22 silly idealTree │ ├── buffer-shims@1.0.0
22 silly idealTree │ ├── caseless@0.12.0
22 silly idealTree │ ├── co@4.6.0
22 silly idealTree │ ├── code-point-at@1.1.0
22 silly idealTree │ ├── combined-stream@1.0.5
22 silly idealTree │ ├── concat-map@0.0.1
22 silly idealTree │ ├── console-control-strings@1.1.0
22 silly idealTree │ ├── core-util-is@1.0.2
22 silly idealTree │ ├── cryptiles@2.0.5
22 silly idealTree │ ├─┬ dashdash@1.14.1
22 silly idealTree │ │ └── assert-plus@1.0.0
22 silly idealTree │ ├── debug@2.6.8
22 silly idealTree │ ├── deep-extend@0.4.2
22 silly idealTree │ ├── delayed-stream@1.0.0
22 silly idealTree │ ├── delegates@1.0.0
22 silly idealTree │ ├── ecc-jsbn@0.1.1
22 silly idealTree │ ├── extend@3.0.1
22 silly idealTree │ ├── extsprintf@1.0.2
22 silly idealTree │ ├── forever-agent@0.6.1
22 silly idealTree │ ├── form-data@2.1.4
22 silly idealTree │ ├── fs.realpath@1.0.0
22 silly idealTree │ ├── fstream-ignore@1.0.5
22 silly idealTree │ ├── fstream@1.0.11
22 silly idealTree │ ├── gauge@2.7.4
22 silly idealTree │ ├─┬ getpass@0.1.7
22 silly idealTree │ │ └── assert-plus@1.0.0
22 silly idealTree │ ├── glob@7.1.2
22 silly idealTree │ ├── graceful-fs@4.1.11
22 silly idealTree │ ├── har-schema@1.0.5
22 silly idealTree │ ├── har-validator@4.2.1
22 silly idealTree │ ├── has-unicode@2.0.1
22 silly idealTree │ ├── hawk@3.1.3
22 silly idealTree │ ├── hoek@2.16.3
22 silly idealTree │ ├── http-signature@1.1.1
22 silly idealTree │ ├── inflight@1.0.6
22 silly idealTree │ ├── inherits@2.0.3
22 silly idealTree │ ├── ini@1.3.4
22 silly idealTree │ ├── is-fullwidth-code-point@1.0.0
22 silly idealTree │ ├── is-typedarray@1.0.0
22 silly idealTree │ ├── isarray@1.0.0
22 silly idealTree │ ├── isstream@0.1.2
22 silly idealTree │ ├── jodid25519@1.0.2
22 silly idealTree │ ├── jsbn@0.1.1
22 silly idealTree │ ├── json-schema@0.2.3
22 silly idealTree │ ├── json-stable-stringify@1.0.1
22 silly idealTree │ ├── json-stringify-safe@5.0.1
22 silly idealTree │ ├── jsonify@0.0.0
22 silly idealTree │ ├─┬ jsprim@1.4.0
22 silly idealTree │ │ └── assert-plus@1.0.0
22 silly idealTree │ ├── mime-db@1.27.0
22 silly idealTree │ ├── mime-types@2.1.15
22 silly idealTree │ ├── minimatch@3.0.4
22 silly idealTree │ ├── minimist@0.0.8
22 silly idealTree │ ├── mkdirp@0.5.1
22 silly idealTree │ ├── ms@2.0.0
22 silly idealTree │ ├── node-pre-gyp@0.6.36
22 silly idealTree │ ├── nopt@4.0.1
22 silly idealTree │ ├── npmlog@4.1.0
22 silly idealTree │ ├── number-is-nan@1.0.1
22 silly idealTree │ ├── oauth-sign@0.8.2
22 silly idealTree │ ├── object-assign@4.1.1
22 silly idealTree │ ├── once@1.4.0
22 silly idealTree │ ├── os-homedir@1.0.2
22 silly idealTree │ ├── os-tmpdir@1.0.2
22 silly idealTree │ ├── osenv@0.1.4
22 silly idealTree │ ├── path-is-absolute@1.0.1
22 silly idealTree │ ├── performance-now@0.2.0
22 silly idealTree │ ├── process-nextick-args@1.0.7
22 silly idealTree │ ├── punycode@1.4.1
22 silly idealTree │ ├── qs@6.4.0
22 silly idealTree │ ├─┬ rc@1.2.1
22 silly idealTree │ │ └── minimist@1.2.0
22 silly idealTree │ ├── readable-stream@2.2.9
22 silly idealTree │ ├── request@2.81.0
22 silly idealTree │ ├── rimraf@2.6.1
22 silly idealTree │ ├── safe-buffer@5.0.1
22 silly idealTree │ ├── semver@5.3.0
22 silly idealTree │ ├── set-blocking@2.0.0
22 silly idealTree │ ├── signal-exit@3.0.2
22 silly idealTree │ ├── sntp@1.0.9
22 silly idealTree │ ├─┬ sshpk@1.13.0
22 silly idealTree │ │ └── assert-plus@1.0.0
22 silly idealTree │ ├── string_decoder@1.0.1
22 silly idealTree │ ├── string-width@1.0.2
22 silly idealTree │ ├── stringstream@0.0.5
22 silly idealTree │ ├── strip-ansi@3.0.1
22 silly idealTree │ ├── strip-json-comments@2.0.1
22 silly idealTree │ ├── tar-pack@3.4.0
22 silly idealTree │ ├── tar@2.2.1
22 silly idealTree │ ├── tough-cookie@2.3.2
22 silly idealTree │ ├── tunnel-agent@0.6.0
22 silly idealTree │ ├── tweetnacl@0.14.5
22 silly idealTree │ ├── uid-number@0.0.6
22 silly idealTree │ ├── util-deprecate@1.0.2
22 silly idealTree │ ├── uuid@3.0.1
22 silly idealTree │ ├── verror@1.3.6
22 silly idealTree │ ├── wide-align@1.1.2
22 silly idealTree │ └── wrappy@1.0.2
22 silly idealTree ├── function-bind@1.1.0
22 silly idealTree ├── get-caller-file@1.0.2
22 silly idealTree ├── get-func-name@2.0.0
22 silly idealTree ├── get-stdin@4.0.1
22 silly idealTree ├── glob-base@0.3.0
22 silly idealTree ├── glob-parent@2.0.0
22 silly idealTree ├── glob@7.1.2
22 silly idealTree ├── globby@6.1.0
22 silly idealTree ├── graceful-fs@4.1.11
22 silly idealTree ├── graceful-readlink@1.0.1
22 silly idealTree ├── growl@1.9.2
22 silly idealTree ├── handle-thing@1.2.5
22 silly idealTree ├── has-ansi@2.0.0
22 silly idealTree ├─┬ has-binary@0.1.7
22 silly idealTree │ └── isarray@0.0.1
22 silly idealTree ├── has-cors@1.1.0
22 silly idealTree ├── has-flag@1.0.0
22 silly idealTree ├── has@1.0.1
22 silly idealTree ├── hash-base@2.0.2
22 silly idealTree ├── hash.js@1.1.3
22 silly idealTree ├── hmac-drbg@1.0.1
22 silly idealTree ├── hosted-git-info@2.5.0
22 silly idealTree ├── hpack.js@2.1.6
22 silly idealTree ├── html-comment-regex@1.1.1
22 silly idealTree ├── html-entities@1.2.1
22 silly idealTree ├── http-deceiver@1.2.7
22 silly idealTree ├── http-errors@1.6.1
22 silly idealTree ├─┬ http-proxy-middleware@0.17.4
22 silly idealTree │ ├── is-extglob@2.1.1
22 silly idealTree │ ├── is-glob@3.1.0
22 silly idealTree │ └── lodash@4.17.4
22 silly idealTree ├── http-proxy@1.16.2
22 silly idealTree ├── https-browserify@0.0.1
22 silly idealTree ├── iconv-lite@0.4.15
22 silly idealTree ├── icss-replace-symbols@1.1.0
22 silly idealTree ├── ieee754@1.1.8
22 silly idealTree ├── indent-string@2.1.0
22 silly idealTree ├── indexes-of@1.0.1
22 silly idealTree ├── indexof@0.0.1
22 silly idealTree ├── inflight@1.0.6
22 silly idealTree ├── inherits@2.0.3
22 silly idealTree ├── internal-ip@1.2.0
22 silly idealTree ├── interpret@1.0.3
22 silly idealTree ├── invert-kv@1.0.0
22 silly idealTree ├── ip@1.1.5
22 silly idealTree ├── ipaddr.js@1.3.0
22 silly idealTree ├── is-absolute-url@2.1.0
22 silly idealTree ├── is-arrayish@0.2.1
22 silly idealTree ├── is-binary-path@1.0.1
22 silly idealTree ├── is-buffer@1.1.5
22 silly idealTree ├── is-builtin-module@1.0.0
22 silly idealTree ├── is-dotfile@1.0.3
22 silly idealTree ├── is-equal-shallow@0.1.3
22 silly idealTree ├── is-extendable@0.1.1
22 silly idealTree ├── is-extglob@1.0.0
22 silly idealTree ├── is-finite@1.0.2
22 silly idealTree ├── is-fullwidth-code-point@1.0.0
22 silly idealTree ├── is-glob@2.0.1
22 silly idealTree ├── is-number@2.1.0
22 silly idealTree ├── is-path-cwd@1.0.0
22 silly idealTree ├── is-path-in-cwd@1.0.0
22 silly idealTree ├── is-path-inside@1.0.0
22 silly idealTree ├── is-plain-obj@1.1.0
22 silly idealTree ├── is-posix-bracket@0.1.1
22 silly idealTree ├── is-primitive@2.0.0
22 silly idealTree ├── is-stream@1.1.0
22 silly idealTree ├── is-svg@2.1.0
22 silly idealTree ├── is-utf8@0.2.1
22 silly idealTree ├── isarray@1.0.0
22 silly idealTree ├── isbinaryfile@3.0.2
22 silly idealTree ├── isexe@2.0.0
22 silly idealTree ├── isobject@2.1.0
22 silly idealTree ├── isomorphic-fetch@2.2.1
22 silly idealTree ├── js-base64@2.1.9
22 silly idealTree ├── js-tokens@3.0.2
22 silly idealTree ├── js-yaml@3.7.0
22 silly idealTree ├── jsesc@0.5.0
22 silly idealTree ├── json-loader@0.5.4
22 silly idealTree ├── json-schema-traverse@0.3.1
22 silly idealTree ├── json-stable-stringify@1.0.1
22 silly idealTree ├── json3@3.3.2
22 silly idealTree ├── json5@0.5.1
22 silly idealTree ├── jsonify@0.0.0
22 silly idealTree ├── karma-chrome-launcher@2.2.0
22 silly idealTree ├─┬ karma-mocha@1.3.0
22 silly idealTree │ └── minimist@1.2.0
22 silly idealTree ├─┬ karma-webpack@2.0.4
22 silly idealTree │ └── source-map@0.1.43
22 silly idealTree ├── karma@1.7.0
22 silly idealTree ├── kind-of@3.2.2
22 silly idealTree ├── lazy-cache@1.0.4
22 silly idealTree ├── lcid@1.0.0
22 silly idealTree ├─┬ load-json-file@1.1.0
22 silly idealTree │ └── strip-bom@2.0.0
22 silly idealTree ├── loader-runner@2.3.0
22 silly idealTree ├── loader-utils@0.2.17
22 silly idealTree ├── lodash._baseassign@3.2.0
22 silly idealTree ├── lodash._basecopy@3.0.1
22 silly idealTree ├── lodash._basecreate@3.0.3
22 silly idealTree ├── lodash._createcompounder@3.0.0
22 silly idealTree ├── lodash._getnative@3.9.1
22 silly idealTree ├── lodash._isiterateecall@3.0.9
22 silly idealTree ├── lodash._root@3.0.1
22 silly idealTree ├── lodash.camelcase@3.0.1
22 silly idealTree ├── lodash.create@3.1.1
22 silly idealTree ├── lodash.deburr@3.2.0
22 silly idealTree ├── lodash.isarguments@3.1.0
22 silly idealTree ├── lodash.isarray@3.0.4
22 silly idealTree ├── lodash.keys@3.1.2
22 silly idealTree ├── lodash.memoize@4.1.2
22 silly idealTree ├── lodash.uniq@4.5.0
22 silly idealTree ├── lodash.words@3.2.0
22 silly idealTree ├── lodash@3.10.1
22 silly idealTree ├─┬ log4js@0.6.38
22 silly idealTree │ ├── isarray@0.0.1
22 silly idealTree │ ├── readable-stream@1.0.34
22 silly idealTree │ └── string_decoder@0.10.31
22 silly idealTree ├── lolex@1.6.0
22 silly idealTree ├── longest@1.0.1
22 silly idealTree ├── loose-envify@1.3.1
22 silly idealTree ├── loud-rejection@1.6.0
22 silly idealTree ├── lru-cache@2.2.4
22 silly idealTree ├── macaddress@0.2.8
22 silly idealTree ├── make-error@1.3.0
22 silly idealTree ├── map-obj@1.0.1
22 silly idealTree ├── math-expression-evaluator@1.2.17
22 silly idealTree ├── media-typer@0.3.0
22 silly idealTree ├── memory-fs@0.4.1
22 silly idealTree ├─┬ meow@3.7.0
22 silly idealTree │ └── minimist@1.2.0
22 silly idealTree ├── merge-descriptors@1.0.1
22 silly idealTree ├── methods@1.1.2
22 silly idealTree ├── micromatch@2.3.11
22 silly idealTree ├── miller-rabin@4.0.0
22 silly idealTree ├── mime-db@1.27.0
22 silly idealTree ├── mime-types@2.1.15
22 silly idealTree ├── mime@1.3.6
22 silly idealTree ├── minimalistic-assert@1.0.0
22 silly idealTree ├── minimalistic-crypto-utils@1.0.1
22 silly idealTree ├── minimatch@3.0.4
22 silly idealTree ├── minimist@0.0.10
22 silly idealTree ├─┬ mkdirp@0.5.1
22 silly idealTree │ └── minimist@0.0.8
22 silly idealTree ├─┬ mocha-loader@1.1.1
22 silly idealTree │ └── loader-utils@1.1.0
22 silly idealTree ├─┬ mocha@3.4.2
22 silly idealTree │ ├── debug@2.6.0
22 silly idealTree │ ├── glob@7.1.1
22 silly idealTree │ └── ms@0.7.2
22 silly idealTree ├── ms@2.0.0
22 silly idealTree ├── multicast-dns-service-types@1.1.0
22 silly idealTree ├── multicast-dns@6.1.1
22 silly idealTree ├── nan@2.6.2
22 silly idealTree ├── native-promise-only@0.8.1
22 silly idealTree ├── ncp@2.0.0
22 silly idealTree ├── negotiator@0.6.1
22 silly idealTree ├── node-fetch@1.7.1
22 silly idealTree ├── node-forge@0.6.33
22 silly idealTree ├─┬ node-libs-browser@2.0.0
22 silly idealTree │ └── string_decoder@0.10.31
22 silly idealTree ├── normalize-package-data@2.4.0
22 silly idealTree ├── normalize-path@2.1.1
22 silly idealTree ├── normalize-range@0.1.2
22 silly idealTree ├── normalize-url@1.9.1
22 silly idealTree ├── null-check@1.0.0
22 silly idealTree ├── num2fraction@1.2.2
22 silly idealTree ├── number-is-nan@1.0.1
22 silly idealTree ├── object-assign@4.1.0
22 silly idealTree ├── object-component@0.0.3
22 silly idealTree ├── object.omit@2.0.1
22 silly idealTree ├── obuf@1.1.1
22 silly idealTree ├── on-finished@2.3.0
22 silly idealTree ├── on-headers@1.0.1
22 silly idealTree ├── once@1.4.0
22 silly idealTree ├── opn@4.0.2
22 silly idealTree ├── optimist@0.6.1
22 silly idealTree ├── options@0.0.6
22 silly idealTree ├─┬ original@1.0.0
22 silly idealTree │ └── url-parse@1.0.5
22 silly idealTree ├── os-browserify@0.2.1
22 silly idealTree ├── os-locale@1.4.0
22 silly idealTree ├── os-tmpdir@1.0.2
22 silly idealTree ├── p-map@1.1.1
22 silly idealTree ├── pako@0.2.9
22 silly idealTree ├── parse-asn1@5.1.0
22 silly idealTree ├── parse-glob@3.0.4
22 silly idealTree ├── parse-json@2.2.0
22 silly idealTree ├── parsejson@0.0.3
22 silly idealTree ├── parseqs@0.0.5
22 silly idealTree ├── parseuri@0.0.5
22 silly idealTree ├── parseurl@1.3.1
22 silly idealTree ├── path-browserify@0.0.0
22 silly idealTree ├── path-exists@2.1.0
22 silly idealTree ├── path-is-absolute@1.0.1
22 silly idealTree ├── path-is-inside@1.0.2
22 silly idealTree ├─┬ path-to-regexp@1.7.0
22 silly idealTree │ └── isarray@0.0.1
22 silly idealTree ├── path-type@1.1.0
22 silly idealTree ├── pathval@1.1.0
22 silly idealTree ├── pbkdf2@3.0.12
22 silly idealTree ├── pify@2.3.0
22 silly idealTree ├── pinkie-promise@2.0.1
22 silly idealTree ├── pinkie@2.0.4
22 silly idealTree ├─┬ portfinder@1.0.13
22 silly idealTree │ └── async@1.5.2
22 silly idealTree ├── postcss-calc@5.3.1
22 silly idealTree ├── postcss-colormin@2.2.2
22 silly idealTree ├── postcss-convert-values@2.6.1
22 silly idealTree ├── postcss-discard-comments@2.0.4
22 silly idealTree ├── postcss-discard-duplicates@2.1.0
22 silly idealTree ├── postcss-discard-empty@2.1.0
22 silly idealTree ├── postcss-discard-overridden@0.1.1
22 silly idealTree ├── postcss-discard-unused@2.2.3
22 silly idealTree ├── postcss-filter-plugins@2.0.2
22 silly idealTree ├── postcss-merge-idents@2.1.7
22 silly idealTree ├── postcss-merge-longhand@2.0.2
22 silly idealTree ├── postcss-merge-rules@2.1.2
22 silly idealTree ├── postcss-message-helpers@2.0.0
22 silly idealTree ├── postcss-minify-font-values@1.0.5
22 silly idealTree ├── postcss-minify-gradients@1.0.5
22 silly idealTree ├── postcss-minify-params@1.2.2
22 silly idealTree ├── postcss-minify-selectors@2.1.1
22 silly idealTree ├─┬ postcss-modules-extract-imports@1.1.0
22 silly idealTree │ ├── ansi-styles@3.1.0
22 silly idealTree │ ├── chalk@2.0.1
22 silly idealTree │ ├── has-flag@2.0.0
22 silly idealTree │ ├── postcss@6.0.6
22 silly idealTree │ └── supports-color@4.2.0
22 silly idealTree ├─┬ postcss-modules-local-by-default@1.2.0
22 silly idealTree │ ├── ansi-styles@3.1.0
22 silly idealTree │ ├── chalk@2.0.1
22 silly idealTree │ ├── css-selector-tokenizer@0.7.0
22 silly idealTree │ ├── has-flag@2.0.0
22 silly idealTree │ ├── postcss@6.0.6
22 silly idealTree │ └── supports-color@4.2.0
22 silly idealTree ├─┬ postcss-modules-scope@1.1.0
22 silly idealTree │ ├── ansi-styles@3.1.0
22 silly idealTree │ ├── chalk@2.0.1
22 silly idealTree │ ├── css-selector-tokenizer@0.7.0
22 silly idealTree │ ├── has-flag@2.0.0
22 silly idealTree │ ├── postcss@6.0.6
22 silly idealTree │ └── supports-color@4.2.0
22 silly idealTree ├─┬ postcss-modules-values@1.3.0
22 silly idealTree │ ├── ansi-styles@3.1.0
22 silly idealTree │ ├── chalk@2.0.1
22 silly idealTree │ ├── has-flag@2.0.0
22 silly idealTree │ ├── postcss@6.0.6
22 silly idealTree │ └── supports-color@4.2.0
22 silly idealTree ├── postcss-normalize-charset@1.1.1
22 silly idealTree ├── postcss-normalize-url@3.0.8
22 silly idealTree ├── postcss-ordered-values@2.2.3
22 silly idealTree ├── postcss-reduce-idents@2.4.0
22 silly idealTree ├── postcss-reduce-initial@1.0.1
22 silly idealTree ├── postcss-reduce-transforms@1.0.4
22 silly idealTree ├── postcss-selector-parser@2.2.3
22 silly idealTree ├── postcss-svgo@2.1.6
22 silly idealTree ├── postcss-unique-selectors@2.0.2
22 silly idealTree ├── postcss-value-parser@3.3.0
22 silly idealTree ├── postcss-zindex@2.2.0
22 silly idealTree ├─┬ postcss@5.2.17
22 silly idealTree │ └── supports-color@3.2.3
22 silly idealTree ├── prepend-http@1.0.4
22 silly idealTree ├── preserve@0.2.0
22 silly idealTree ├── process-nextick-args@1.0.7
22 silly idealTree ├── process@0.11.10
22 silly idealTree ├── promise@7.3.1
22 silly idealTree ├── prop-types@15.5.10
22 silly idealTree ├── proxy-addr@1.1.4
22 silly idealTree ├── prr@0.0.0
22 silly idealTree ├── public-encrypt@4.0.0
22 silly idealTree ├── punycode@1.4.1
22 silly idealTree ├── q@1.5.0
22 silly idealTree ├── qjobs@1.1.5
22 silly idealTree ├── qs@6.4.0
22 silly idealTree ├── query-string@4.3.4
22 silly idealTree ├── querystring-es3@0.2.1
22 silly idealTree ├── querystring@0.2.0
22 silly idealTree ├── querystringify@0.0.4
22 silly idealTree ├─┬ randomatic@1.1.7
22 silly idealTree │ ├─┬ is-number@3.0.0
22 silly idealTree │ │ └── kind-of@3.2.2
22 silly idealTree │ └── kind-of@4.0.0
22 silly idealTree ├── randombytes@2.0.5
22 silly idealTree ├── range-parser@1.2.0
22 silly idealTree ├── raw-body@2.2.0
22 silly idealTree ├── raw-loader@0.5.1
22 silly idealTree ├── react-dom@15.6.1
22 silly idealTree ├── react@15.6.1
22 silly idealTree ├── read-pkg-up@1.0.1
22 silly idealTree ├── read-pkg@1.1.0
22 silly idealTree ├── readable-stream@2.3.3
22 silly idealTree ├── readdirp@2.1.0
22 silly idealTree ├── redent@1.0.0
22 silly idealTree ├─┬ reduce-css-calc@1.3.0
22 silly idealTree │ └── balanced-match@0.4.2
22 silly idealTree ├─┬ reduce-function-call@1.0.2
22 silly idealTree │ └── balanced-match@0.4.2
22 silly idealTree ├── regenerate@1.3.2
22 silly idealTree ├── regex-cache@0.4.3
22 silly idealTree ├── regexpu-core@1.0.0
22 silly idealTree ├── regjsgen@0.2.0
22 silly idealTree ├── regjsparser@0.1.5
22 silly idealTree ├── remove-trailing-separator@1.0.2
22 silly idealTree ├── repeat-element@1.1.2
22 silly idealTree ├── repeat-string@1.6.1
22 silly idealTree ├── repeating@2.0.1
22 silly idealTree ├── require-directory@2.1.1
22 silly idealTree ├── require-main-filename@1.0.1
22 silly idealTree ├── requires-port@1.0.0
22 silly idealTree ├── right-align@0.1.3
22 silly idealTree ├── rimraf@2.6.1
22 silly idealTree ├── ripemd160@2.0.1
22 silly idealTree ├── safe-buffer@5.1.1
22 silly idealTree ├── samsam@1.2.1
22 silly idealTree ├── sax@1.2.4
22 silly idealTree ├── script-loader@0.7.0
22 silly idealTree ├── select-hose@2.0.0
22 silly idealTree ├── selfsigned@1.9.1
22 silly idealTree ├── semver@4.3.6
22 silly idealTree ├─┬ send@0.15.3
22 silly idealTree │ └── mime@1.3.4
22 silly idealTree ├─┬ serve-index@1.9.0
22 silly idealTree │ └── debug@2.6.8
22 silly idealTree ├── serve-static@1.12.3
22 silly idealTree ├── set-blocking@2.0.0
22 silly idealTree ├── set-immediate-shim@1.0.1
22 silly idealTree ├── setimmediate@1.0.5
22 silly idealTree ├── setprototypeof@1.0.3
22 silly idealTree ├── sha.js@2.4.8
22 silly idealTree ├── signal-exit@3.0.2
22 silly idealTree ├── sinon-chai@2.11.0
22 silly idealTree ├── sinon@2.3.8
22 silly idealTree ├─┬ socket.io-adapter@0.5.0
22 silly idealTree │ ├── debug@2.3.3
22 silly idealTree │ └── ms@0.7.2
22 silly idealTree ├─┬ socket.io-client@1.7.3
22 silly idealTree │ ├── component-emitter@1.2.1
22 silly idealTree │ ├── debug@2.3.3
22 silly idealTree │ └── ms@0.7.2
22 silly idealTree ├─┬ socket.io-parser@2.3.1
22 silly idealTree │ ├── debug@2.2.0
22 silly idealTree │ ├── isarray@0.0.1
22 silly idealTree │ └── ms@0.7.1
22 silly idealTree ├─┬ socket.io@1.7.3
22 silly idealTree │ ├── debug@2.3.3
22 silly idealTree │ └── ms@0.7.2
22 silly idealTree ├─┬ sockjs-client@1.1.2
22 silly idealTree │ └── faye-websocket@0.11.1
22 silly idealTree ├── sockjs@0.3.18
22 silly idealTree ├── sort-keys@1.1.2
22 silly idealTree ├── source-list-map@0.1.8
22 silly idealTree ├── source-map-support@0.4.15
22 silly idealTree ├── source-map@0.5.6
22 silly idealTree ├── spdx-correct@1.0.2
22 silly idealTree ├── spdx-expression-parse@1.0.4
22 silly idealTree ├── spdx-license-ids@1.2.2
22 silly idealTree ├─┬ spdy-transport@2.0.20
22 silly idealTree │ └── debug@2.6.8
22 silly idealTree ├─┬ spdy@3.4.7
22 silly idealTree │ └── debug@2.6.8
22 silly idealTree ├── sprintf-js@1.0.3
22 silly idealTree ├── statuses@1.3.1
22 silly idealTree ├── stream-browserify@2.0.1
22 silly idealTree ├── stream-http@2.7.2
22 silly idealTree ├── strict-uri-encode@1.1.0
22 silly idealTree ├── string_decoder@1.0.3
22 silly idealTree ├── string-width@1.0.2
22 silly idealTree ├── strip-ansi@3.0.1
22 silly idealTree ├── strip-bom@3.0.0
22 silly idealTree ├── strip-indent@1.0.1
22 silly idealTree ├── strip-json-comments@2.0.1
22 silly idealTree ├─┬ style-loader@0.13.2
22 silly idealTree │ └── loader-utils@1.1.0
22 silly idealTree ├── supports-color@3.1.2
22 silly idealTree ├── svgo@0.7.2
22 silly idealTree ├── tapable@0.2.6
22 silly idealTree ├── test-drive-react@0.5.0
22 silly idealTree ├── test-drive@0.5.2
22 silly idealTree ├── text-encoding@0.6.4
22 silly idealTree ├── thunky@0.1.0
22 silly idealTree ├── timers-browserify@2.0.2
22 silly idealTree ├── tmp@0.0.31
22 silly idealTree ├── to-array@0.1.4
22 silly idealTree ├── to-arraybuffer@1.0.1
22 silly idealTree ├── trim-newlines@1.0.0
22 silly idealTree ├─┬ ts-loader@2.2.2
22 silly idealTree │ ├── loader-utils@1.1.0
22 silly idealTree │ └── semver@5.3.0
22 silly idealTree ├─┬ ts-node@3.2.0
22 silly idealTree │ ├── ansi-styles@3.1.0
22 silly idealTree │ ├── chalk@2.0.1
22 silly idealTree │ ├── has-flag@2.0.0
22 silly idealTree │ ├── minimist@1.2.0
22 silly idealTree │ └── supports-color@4.2.0
22 silly idealTree ├── tsconfig@6.0.0
22 silly idealTree ├── tty-browserify@0.0.0
22 silly idealTree ├── type-detect@4.0.3
22 silly idealTree ├── type-is@1.6.15
22 silly idealTree ├── typescript@2.4.1
22 silly idealTree ├── ua-parser-js@0.7.13
22 silly idealTree ├─┬ uglify-js@2.8.29
22 silly idealTree │ └── yargs@3.10.0
22 silly idealTree ├── uglify-to-browserify@1.0.2
22 silly idealTree ├── uglifyjs-webpack-plugin@0.4.6
22 silly idealTree ├── ultron@1.0.2
22 silly idealTree ├── uniq@1.0.1
22 silly idealTree ├── uniqid@4.1.1
22 silly idealTree ├── uniqs@2.0.0
22 silly idealTree ├── unpipe@1.0.0
22 silly idealTree ├─┬ url-parse@1.1.9
22 silly idealTree │ └── querystringify@1.0.0
22 silly idealTree ├─┬ url@0.11.0
22 silly idealTree │ └── punycode@1.3.2
22 silly idealTree ├── user-home@1.1.1
22 silly idealTree ├── useragent@2.2.1
22 silly idealTree ├── util-deprecate@1.0.2
22 silly idealTree ├─┬ util@0.10.3
22 silly idealTree │ └── inherits@2.0.1
22 silly idealTree ├── utils-merge@1.0.0
22 silly idealTree ├── uuid@2.0.3
22 silly idealTree ├── v8flags@2.1.1
22 silly idealTree ├── validate-npm-package-license@3.0.1
22 silly idealTree ├── vary@1.1.1
22 silly idealTree ├── vendors@1.0.1
22 silly idealTree ├── vm-browserify@0.0.4
22 silly idealTree ├── void-elements@2.0.1
22 silly idealTree ├─┬ watchpack@1.3.1
22 silly idealTree │ ├── async@2.5.0
22 silly idealTree │ └── lodash@4.17.4
22 silly idealTree ├── wbuf@1.7.2
22 silly idealTree ├── webpack-dev-middleware@1.11.0
22 silly idealTree ├── webpack-dev-server@2.5.1
22 silly idealTree ├─┬ webpack-sources@1.0.1
22 silly idealTree │ └── source-list-map@2.0.0
22 silly idealTree ├─┬ webpack@3.2.0
22 silly idealTree │ ├── async@2.5.0
22 silly idealTree │ ├── loader-utils@1.1.0
22 silly idealTree │ └── lodash@4.17.4
22 silly idealTree ├── websocket-driver@0.6.5
22 silly idealTree ├── websocket-extensions@0.1.1
22 silly idealTree ├── whatwg-fetch@2.0.3
22 silly idealTree ├── whet.extend@0.9.9
22 silly idealTree ├── which-module@1.0.0
22 silly idealTree ├── which@1.2.14
22 silly idealTree ├── window-size@0.1.0
22 silly idealTree ├── wordwrap@0.0.3
22 silly idealTree ├── wrap-ansi@2.1.0
22 silly idealTree ├── wrappy@1.0.2
22 silly idealTree ├── ws@1.1.2
22 silly idealTree ├── wtf-8@1.0.0
22 silly idealTree ├── xmlhttprequest-ssl@1.5.3
22 silly idealTree ├── xtend@4.0.1
22 silly idealTree ├── y18n@3.2.1
22 silly idealTree ├─┬ yargs-parser@4.2.1
22 silly idealTree │ └── camelcase@3.0.0
22 silly idealTree ├─┬ yargs@6.6.0
22 silly idealTree │ ├── camelcase@3.0.0
22 silly idealTree │ └── cliui@3.2.0
22 silly idealTree ├── yeast@0.1.2
22 silly idealTree └── yn@2.0.0
23 silly generateActionsToTake Starting
24 silly install generateActionsToTake
25 silly generateActionsToTake Finishing
26 silly diffTrees action count 0
27 silly decomposeActions action count 0
28 silly runTopLevelLifecycles Starting
29 silly install runPreinstallTopLevelLifecycles
30 silly preinstall react-controlled-components@1.0.14 /Users/lior/Desktop/projects/components/react-controlled-components-7e9ef3d3
31 info lifecycle react-controlled-components@1.0.14~preinstall: react-controlled-components@1.0.14
32 silly lifecycle react-controlled-components@1.0.14~preinstall: no script for preinstall, continuing
33 silly executeActions Starting
34 silly install executeActions
35 silly doSerial global-install 0
36 silly doParallel fetch 0
37 verbose correctMkdir /Users/lior/.npm/_locks correctMkdir not in flight; initializing
38 verbose lock using /Users/lior/.npm/_locks/staging-84cd3d9eaac8e566.lock for /Users/lior/Desktop/projects/components/node_modules/.staging
39 silly doParallel extract 0
40 silly doParallel preinstall 0
41 silly doReverseSerial remove 0
42 silly doSerial move 0
43 silly doSerial finalize 0
44 silly doSerial build 0
45 silly doSerial global-link 0
46 silly doParallel update-linked 0
47 silly doSerial install 0
48 silly doSerial postinstall 0
49 verbose unlock done using /Users/lior/.npm/_locks/staging-84cd3d9eaac8e566.lock for /Users/lior/Desktop/projects/components/node_modules/.staging
50 silly executeActions Finishing
51 silly rollbackFailedOptional Starting
52 silly rollbackFailedOptional Finishing
53 silly install runPostinstallTopLevelLifecycles
54 silly build react-controlled-components@1.0.14
55 info linkStuff react-controlled-components@1.0.14
56 silly linkStuff react-controlled-components@1.0.14 has /Users/lior/Desktop/projects as its parent node_modules
57 verbose linkBins react-controlled-components@1.0.14
58 verbose linkMans react-controlled-components@1.0.14
59 silly install react-controlled-components@1.0.14 /Users/lior/Desktop/projects/components/react-controlled-components-7e9ef3d3
60 info lifecycle react-controlled-components@1.0.14~install: react-controlled-components@1.0.14
61 silly lifecycle react-controlled-components@1.0.14~install: no script for install, continuing
62 silly postinstall react-controlled-components@1.0.14 /Users/lior/Desktop/projects/components/react-controlled-components-7e9ef3d3
63 info lifecycle react-controlled-components@1.0.14~postinstall: react-controlled-components@1.0.14
64 silly lifecycle react-controlled-components@1.0.14~postinstall: no script for postinstall, continuing
65 silly prepublish react-controlled-components@1.0.14 /Users/lior/Desktop/projects/components/react-controlled-components-7e9ef3d3
66 info lifecycle react-controlled-components@1.0.14~prepublish: react-controlled-components@1.0.14
67 verbose lifecycle react-controlled-components@1.0.14~prepublish: unsafe-perm in lifecycle true
68 verbose lifecycle react-controlled-components@1.0.14~prepublish: PATH: /usr/local/lib/node_modules/npm/bin/node-gyp-bin:/Users/lior/Desktop/projects/components/node_modules/.bin:/Users/lior/.npm/bin:/usr/local/bin:/usr/bin:/bin:/usr/sbin:/sbin:/opt/X11/bin
69 verbose lifecycle react-controlled-components@1.0.14~prepublish: CWD: /Users/lior/Desktop/projects/components
70 silly lifecycle react-controlled-components@1.0.14~prepublish: Args: [ '-c', 'npm run build' ]
71 silly lifecycle react-controlled-components@1.0.14~prepublish: Returned: code: 1  signal: null
72 info lifecycle react-controlled-components@1.0.14~prepublish: Failed to exec prepublish script
73 verbose stack Error: react-controlled-components@1.0.14 prepublish: `npm run build`
73 verbose stack Exit status 1
73 verbose stack     at EventEmitter.<anonymous> (/usr/local/lib/node_modules/npm/lib/utils/lifecycle.js:255:16)
73 verbose stack     at emitTwo (events.js:106:13)
73 verbose stack     at EventEmitter.emit (events.js:191:7)
73 verbose stack     at ChildProcess.<anonymous> (/usr/local/lib/node_modules/npm/lib/utils/spawn.js:40:14)
73 verbose stack     at emitTwo (events.js:106:13)
73 verbose stack     at ChildProcess.emit (events.js:191:7)
73 verbose stack     at maybeClose (internal/child_process.js:891:16)
73 verbose stack     at Process.ChildProcess._handle.onexit (internal/child_process.js:226:5)
74 verbose pkgid react-controlled-components@1.0.14
75 verbose cwd /Users/lior/Desktop/projects/components
76 error Darwin 16.6.0
77 error argv "/usr/local/bin/node" "/usr/local/bin/npm" "install"
78 error node v6.11.1
79 error npm  v3.10.10
80 error code ELIFECYCLE
81 error react-controlled-components@1.0.14 prepublish: `npm run build`
81 error Exit status 1
82 error Failed at the react-controlled-components@1.0.14 prepublish script 'npm run build'.
82 error Make sure you have the latest version of node.js and npm installed.
82 error If you do, this is most likely a problem with the react-controlled-components package,
82 error not with npm itself.
82 error Tell the author that this fails on your system:
82 error     npm run build
82 error You can get information on how to open an issue for this project with:
82 error     npm bugs react-controlled-components
82 error Or if that isn't available, you can get their info via:
82 error     npm owner ls react-controlled-components
82 error There is likely additional logging output above.
83 verbose exit [ 1, true ]
